ffmpeg version N-92963-g1ea5529dd2 Copyright (c) 2000-2019 the FFmpeg developers
  built with gcc 8.2.1 (GCC) 20181201
  configuration: --enable-gpl --enable-version3 --enable-sdl2 --enable-fontconfig --enable-gnutls --enable-iconv --enable-libass --enable-libbluray --enable-libfreetype --enable-libmp3lame --enable-libopencore-amrnb --enable-libopencore-amrwb --enable-libopenjpeg --enable-libopus --enable-libshine --enable-libsnappy --enable-libsoxr --enable-libtheora --enable-libtwolame --enable-libvpx --enable-libwavpack --enable-libwebp --enable-libx264 --enable-libx265 --enable-libxml2 --enable-libzimg --enable-lzma --enable-zlib --enable-gmp --enable-libvidstab --enable-libvorbis --enable-libvo-amrwbenc --enable-libmysofa --enable-libspeex --enable-libxvid --enable-libaom --enable-libmfx --enable-amf --enable-ffnvcodec --enable-cuvid --enable-d3d11va --enable-nvenc --enable-nvdec --enable-dxva2 --enable-avisynth --enable-libopenmpt
  libavutil      56. 25.100 / 56. 25.100
  libavcodec     58. 43.101 / 58. 43.101
  libavformat    58. 25.100 / 58. 25.100
  libavdevice    58.  6.101 / 58.  6.101
  libavfilter     7. 48.100 /  7. 48.100
  libswscale      5.  4.100 /  5.  4.100
  libswresample   3.  4.100 /  3.  4.100
  libpostproc    55.  4.100 / 55.  4.100
Splitting the commandline.
Reading option '-v' ... matched as option 'v' (set logging level) with argument 'debug'.
Reading option '-nostdin' ... matched as option 'stdin' (enable or disable interaction on standard input) with argument 0.
Reading option '-progress' ... matched as option 'progress' (write program-readable progress information) with argument 'C:/Users/Jakob/AppData/Local/Temp/KritaFFmpegProgress.BU3184'.
Reading option '-r' ... matched as option 'r' (set frame rate (Hz value, fraction or abbreviation)) with argument '2'.
Reading option '-start_number' ... matched as AVOption 'start_number' with argument '0'.
Reading option '-i' ... matched as input url with argument 'F:/github/webbutveckling-projekt-2/psd/frame%04d.png'.
Reading option '-vf' ... matched as option 'vf' (set video filters) with argument 'palettegen'.
Reading option '-y' ... matched as option 'y' (overwrite output files) with argument '1'.
Reading option 'F:/github/webbutveckling-projekt-2/psd/palette.png' ... matched as output url.
Finished splitting the commandline.
Parsing a group of options: global .
Applying option v (set logging level) with argument debug.
Applying option nostdin (enable or disable interaction on standard input) with argument 0.
Applying option progress (write program-readable progress information) with argument C:/Users/Jakob/AppData/Local/Temp/KritaFFmpegProgress.BU3184.
[file @ 000001d85c2daa80] Setting default whitelist 'file,crypto'
Applying option y (overwrite output files) with argument 1.
Successfully parsed a group of options.
Parsing a group of options: input url F:/github/webbutveckling-projekt-2/psd/frame%04d.png.
Applying option r (set frame rate (Hz value, fraction or abbreviation)) with argument 2.
Successfully parsed a group of options.
Opening an input file: F:/github/webbutveckling-projekt-2/psd/frame%04d.png.
[image2 @ 000001d85c31b600] Opening 'F:/github/webbutveckling-projekt-2/psd/frame0000.png' for reading
[file @ 000001d85c31ed40] Setting default whitelist 'file,crypto'
[AVIOContext @ 000001d85c326e80] Statistics: 31895 bytes read, 0 seeks
[image2 @ 000001d85c31b600] Opening 'F:/github/webbutveckling-projekt-2/psd/frame0001.png' for reading
[file @ 000001d85c32ee80] Setting default whitelist 'file,crypto'
[AVIOContext @ 000001d85c32ef80] Statistics: 33470 bytes read, 0 seeks
Input #0, image2, from 'F:/github/webbutveckling-projekt-2/psd/frame%04d.png':
  Duration: 00:00:00.08, start: 0.000000, bitrate: N/A
    Stream #0:0, 2, 1/25: Video: png, 1 reference frame, rgba(pc), 300x250 [SAR 3937:3937 DAR 6:5], 0/1, 25 tbr, 25 tbn, 25 tbc
Successfully opened the file.
Parsing a group of options: output url F:/github/webbutveckling-projekt-2/psd/palette.png.
Applying option vf (set video filters) with argument palettegen.
Successfully parsed a group of options.
Opening an output file: F:/github/webbutveckling-projekt-2/psd/palette.png.
Successfully opened the file.
detected 8 logical cores
Stream mapping:
  Stream #0:0 -> #0:0 (png (native) -> png (native))
cur_dts is invalid (this is harmless if it occurs once at the start per stream)
    Last message repeated 2 times
[graph 0 input from stream 0:0 @ 000001d85c32f180] Setting 'video_size' to value '300x250'
[graph 0 input from stream 0:0 @ 000001d85c32f180] Setting 'pix_fmt' to value '26'
[graph 0 input from stream 0:0 @ 000001d85c32f180] Setting 'time_base' to value '1/2'
[graph 0 input from stream 0:0 @ 000001d85c32f180] Setting 'pixel_aspect' to value '3937/3937'
[graph 0 input from stream 0:0 @ 000001d85c32f180] Setting 'sws_param' to value 'flags=2'
[graph 0 input from stream 0:0 @ 000001d85c32f180] Setting 'frame_rate' to value '2/1'
[graph 0 input from stream 0:0 @ 000001d85c32f180] w:300 h:250 pixfmt:rgba tb:1/2 fr:2/1 sar:3937/3937 sws_param:flags=2
[format @ 000001d85c342d80] Setting 'pix_fmts' to value 'rgb24|rgba|rgb48be|rgba64be|pal8|gray|ya8|gray16be|ya16be|monob'
[auto_scaler_0 @ 000001d85c346540] Setting 'flags' to value 'bicubic'
[auto_scaler_0 @ 000001d85c346540] w:iw h:ih flags:'bicubic' interl:0
[Parsed_palettegen_0 @ 000001d85c333b00] auto-inserting filter 'auto_scaler_0' between the filter 'graph 0 input from stream 0:0' and the filter 'Parsed_palettegen_0'
[auto_scaler_1 @ 000001d85c345d40] Setting 'flags' to value 'bicubic'
[auto_scaler_1 @ 000001d85c345d40] w:iw h:ih flags:'bicubic' interl:0
[format @ 000001d85c342d80] auto-inserting filter 'auto_scaler_1' between the filter 'Parsed_palettegen_0' and the filter 'format'
[AVFilterGraph @ 000001d85c333a00] query_formats: 4 queried, 1 merged, 2 already done, 0 delayed
[auto_scaler_1 @ 000001d85c345d40] picking rgba out of 10 ref:bgra alpha:1
[swscaler @ 000001d85c34e200] Forcing full internal H chroma due to input having non subsampled chroma
[auto_scaler_0 @ 000001d85c346540] w:300 h:250 fmt:rgba sar:3937/3937 -> w:300 h:250 fmt:bgra sar:1/1 flags:0x4
[swscaler @ 000001d85c3654c0] Forcing full internal H chroma due to input having non subsampled chroma
[auto_scaler_1 @ 000001d85c345d40] w:16 h:16 fmt:bgra sar:1/1 -> w:16 h:16 fmt:rgba sar:1/1 flags:0x4
Output #0, image2, to 'F:/github/webbutveckling-projekt-2/psd/palette.png':
  Metadata:
    encoder         : Lavf58.25.100
    Stream #0:0, 0, 1/2: Video: png, 1 reference frame, rgba, 16x16 [SAR 1:1 DAR 1:1], 0/1, q=2-31, 200 kb/s, 2 fps, 2 tbn, 2 tbc
    Metadata:
      encoder         : Lavc58.43.101 png
cur_dts is invalid (this is harmless if it occurs once at the start per stream)
    Last message repeated 1 times
[Parsed_palettegen_0 @ 000001d85c333b00] 255(+1) colors generated out of 3402 colors; ratio=0.074956
cur_dts is invalid (this is harmless if it occurs once at the start per stream)
Clipping frame in rate conversion by 0.000008
cur_dts is invalid (this is harmless if it occurs once at the start per stream)
[out_0_0 @ 000001d85c829e00] EOF on sink link out_0_0:default.
No more output streams to write to, finishing.
[image2 @ 000001d85c383940] Opening 'F:/github/webbutveckling-projekt-2/psd/palette.png' for writing
[file @ 000001d85c345440] Setting default whitelist 'file,crypto'
[AVIOContext @ 000001d85c90d580] Statistics: 0 seeks, 1 writeouts
frame=    1 fps=0.0 q=-0.0 Lsize=N/A time=00:00:00.50 bitrate=N/A speed=  62x    
[AVIOContext @ 000001d85c31b4c0] Statistics: 0 seeks, 1 writeouts
video:1kB audio:0kB subtitle:0kB other streams:0kB global headers:0kB muxing overhead: unknown
Input file #0 (F:/github/webbutveckling-projekt-2/psd/frame%04d.png):
  Input stream #0:0 (video): 2 packets read (65365 bytes); 2 frames decoded; 
  Total: 2 packets (65365 bytes) demuxed
Output file #0 (F:/github/webbutveckling-projekt-2/psd/palette.png):
  Output stream #0:0 (video): 1 frames encoded; 1 packets muxed (992 bytes); 
  Total: 1 packets (992 bytes) muxed
2 frames successfully decoded, 0 decoding errors
